BEGIN (implicit)
PRAGMA main.table_info("Domain")
[raw sql] ()
Col ('cid', 'name', 'type', 'notnull', 'dflt_value', 'pk')
PRAGMA temp.table_info("Domain")
[raw sql] ()
Col ('cid', 'name', 'type', 'notnull', 'dflt_value', 'pk')
PRAGMA main.table_info("Class")
[raw sql] ()
Col ('cid', 'name', 'type', 'notnull', 'dflt_value', 'pk')
PRAGMA temp.table_info("Class")
[raw sql] ()
Col ('cid', 'name', 'type', 'notnull', 'dflt_value', 'pk')
PRAGMA main.table_info("Attribute")
[raw sql] ()
Col ('cid', 'name', 'type', 'notnull', 'dflt_value', 'pk')
PRAGMA temp.table_info("Attribute")
[raw sql] ()
Col ('cid', 'name', 'type', 'notnull', 'dflt_value', 'pk')

CREATE TABLE "Domain" (
	"Name" TEXT NOT NULL, 
	CONSTRAINT "I" PRIMARY KEY ("Name")
)


[no key 0.00005s] ()

CREATE TABLE "Class" (
	"Name" TEXT NOT NULL, 
	"Domain" TEXT NOT NULL, 
	CONSTRAINT "I" PRIMARY KEY ("Name", "Domain"), 
	CONSTRAINT "R14" FOREIGN KEY("Domain") REFERENCES "Domain" ("Name")
)


[no key 0.00006s] ()

CREATE TABLE "Attribute" (
	"Name" TEXT NOT NULL, 
	"Class" TEXT NOT NULL, 
	"Domain" TEXT NOT NULL, 
	CONSTRAINT "I" PRIMARY KEY ("Name", "Class", "Domain"), 
	CONSTRAINT "R20" FOREIGN KEY("Class", "Domain") REFERENCES "Class" ("Name", "Domain")
)


[no key 0.00007s] ()
COMMIT
INSERT INTO "Domain" ("Name") VALUES (?)
[generated in 0.00012s] ('SM Metamodel',)
COMMIT
INSERT INTO "Class" ("Name", "Domain") VALUES (?, ?)
[generated in 0.00008s] ('Alias', 'SM Metamodel')
COMMIT
INSERT INTO "Attribute" ("Name", "Class", "Domain") VALUES (?, ?, ?)
[generated in 0.00010s] (('Name', 'Alias', 'SM Metamodel'), ('Class', 'Alias', 'SM Metamodel'), ('Domain', 'Alias', 'SM Metamodel'))
COMMIT
